<?xml version="1.0" encoding="UTF-8"?>
<testng-results skipped="0" failed="0" total="2" passed="2">
  <reporter-output>
  </reporter-output>
  <suite name="Suite" duration-ms="131" started-at="2020-08-06T15:29:29Z" finished-at="2020-08-06T15:29:29Z">
    <groups>
    </groups>
    <test name="Test" duration-ms="131" started-at="2020-08-06T15:29:29Z" finished-at="2020-08-06T15:29:29Z">
      <class name="Pack1.NewTest">
        <test-method status="PASS" signature="beforeSuite()[pri:0, instance:Pack1.NewTest@5f150435]" name="beforeSuite" is-config="true" duration-ms="20" started-at="2020-08-06T08:29:29Z" finished-at="2020-08-06T08:29:29Z">
          <reporter-output>
          </reporter-output>
        </test-method> <!-- beforeSuite -->
        <test-method status="PASS" signature="beforeSuite()[pri:0, instance:Pack1.NewTest1@1c53fd30]" name="beforeSuite" is-config="true" duration-ms="0" started-at="2020-08-06T08:29:29Z" finished-at="2020-08-06T08:29:29Z">
          <reporter-output>
          </reporter-output>
        </test-method> <!-- beforeSuite -->
        <test-method status="PASS" signature="beforeTest()[pri:0, instance:Pack1.NewTest@5f150435]" name="beforeTest" is-config="true" duration-ms="1" started-at="2020-08-06T08:29:29Z" finished-at="2020-08-06T08:29:29Z">
          <reporter-output>
          </reporter-output>
        </test-method> <!-- beforeTest -->
        <test-method status="PASS" signature="beforeTest()[pri:0, instance:Pack1.NewTest1@1c53fd30]" name="beforeTest" is-config="true" duration-ms="0" started-at="2020-08-06T08:29:29Z" finished-at="2020-08-06T08:29:29Z">
          <reporter-output>
          </reporter-output>
        </test-method> <!-- beforeTest -->
        <test-method status="PASS" signature="beforeClass()[pri:0, instance:Pack1.NewTest@5f150435]" name="beforeClass" is-config="true" duration-ms="2" started-at="2020-08-06T08:29:29Z" finished-at="2020-08-06T08:29:29Z">
          <reporter-output>
          </reporter-output>
        </test-method> <!-- beforeClass -->
        <test-method status="PASS" signature="beforeMethod()[pri:0, instance:Pack1.NewTest@5f150435]" name="beforeMethod" is-config="true" duration-ms="1" started-at="2020-08-06T08:29:29Z" finished-at="2020-08-06T08:29:29Z">
          <reporter-output>
          </reporter-output>
        </test-method> <!-- beforeMethod -->
        <test-method status="PASS" signature="f()[pri:0, instance:Pack1.NewTest@5f150435]" name="f" duration-ms="10" started-at="2020-08-06T08:29:29Z" finished-at="2020-08-06T08:29:29Z">
          <reporter-output>
          </reporter-output>
        </test-method> <!-- f -->
        <test-method status="PASS" signature="afterMethod()[pri:0, instance:Pack1.NewTest@5f150435]" name="afterMethod" is-config="true" duration-ms="1" started-at="2020-08-06T08:29:29Z" finished-at="2020-08-06T08:29:29Z">
          <reporter-output>
          </reporter-output>
        </test-method> <!-- afterMethod -->
        <test-method status="PASS" signature="afterClass()[pri:0, instance:Pack1.NewTest@5f150435]" name="afterClass" is-config="true" duration-ms="1" started-at="2020-08-06T08:29:29Z" finished-at="2020-08-06T08:29:29Z">
          <reporter-output>
          </reporter-output>
        </test-method> <!-- afterClass -->
        <test-method status="PASS" signature="afterTest()[pri:0, instance:Pack1.NewTest1@1c53fd30]" name="afterTest" is-config="true" duration-ms="1" started-at="2020-08-06T08:29:29Z" finished-at="2020-08-06T08:29:29Z">
          <reporter-output>
          </reporter-output>
        </test-method> <!-- afterTest -->
        <test-method status="PASS" signature="afterTest()[pri:0, instance:Pack1.NewTest@5f150435]" name="afterTest" is-config="true" duration-ms="0" started-at="2020-08-06T08:29:29Z" finished-at="2020-08-06T08:29:29Z">
          <reporter-output>
          </reporter-output>
        </test-method> <!-- afterTest -->
        <test-method status="PASS" signature="afterSuite()[pri:0, instance:Pack1.NewTest1@1c53fd30]" name="afterSuite" is-config="true" duration-ms="0" started-at="2020-08-06T08:29:29Z" finished-at="2020-08-06T08:29:29Z">
          <reporter-output>
          </reporter-output>
        </test-method> <!-- afterSuite -->
        <test-method status="PASS" signature="afterSuite()[pri:0, instance:Pack1.NewTest@5f150435]" name="afterSuite" is-config="true" duration-ms="0" started-at="2020-08-06T08:29:29Z" finished-at="2020-08-06T08:29:29Z">
          <reporter-output>
          </reporter-output>
        </test-method> <!-- afterSuite -->
      </class> <!-- Pack1.NewTest -->
      <class name="Pack1.NewTest1">
        <test-method status="PASS" signature="beforeClass()[pri:0, instance:Pack1.NewTest1@1c53fd30]" name="beforeClass" is-config="true" duration-ms="0" started-at="2020-08-06T08:29:29Z" finished-at="2020-08-06T08:29:29Z">
          <reporter-output>
          </reporter-output>
        </test-method> <!-- beforeClass -->
        <test-method status="PASS" signature="beforeMethod()[pri:0, instance:Pack1.NewTest1@1c53fd30]" name="beforeMethod" is-config="true" duration-ms="1" started-at="2020-08-06T08:29:29Z" finished-at="2020-08-06T08:29:29Z">
          <reporter-output>
          </reporter-output>
        </test-method> <!-- beforeMethod -->
        <test-method status="PASS" signature="f()[pri:0, instance:Pack1.NewTest1@1c53fd30]" name="f" duration-ms="7" started-at="2020-08-06T08:29:29Z" finished-at="2020-08-06T08:29:29Z">
          <reporter-output>
          </reporter-output>
        </test-method> <!-- f -->
        <test-method status="PASS" signature="afterMethod()[pri:0, instance:Pack1.NewTest1@1c53fd30]" name="afterMethod" is-config="true" duration-ms="0" started-at="2020-08-06T08:29:29Z" finished-at="2020-08-06T08:29:29Z">
          <reporter-output>
          </reporter-output>
        </test-method> <!-- afterMethod -->
        <test-method status="PASS" signature="afterClass()[pri:0, instance:Pack1.NewTest1@1c53fd30]" name="afterClass" is-config="true" duration-ms="1" started-at="2020-08-06T08:29:29Z" finished-at="2020-08-06T08:29:29Z">
          <reporter-output>
          </reporter-output>
        </test-method> <!-- afterClass -->
      </class> <!-- Pack1.NewTest1 -->
    </test> <!-- Test -->
  </suite> <!-- Suite -->
</testng-results>
